<?xml version="1.0" encoding="UTF-8"?>
<testsuite name="MathTest" tests="1" skipped="0" failures="0" errors="0" timestamp="2021-11-05T16:32:56" hostname="MacBook-Pro-kirill.local" time="0.038">
  <properties/>
  <testcase name="testDevide()" classname="MathTest" time="0.038"/>
  <system-out><![CDATA[]]></system-out>
  <system-err><![CDATA[]]></system-err>
</testsuite>
