<?xml version="1.0" encoding="UTF-8"?>
<testsuite name="cz.mendelu.pjj.new_hra.GameTest" tests="2" skipped="0" failures="0" errors="0" timestamp="2021-11-11T14:00:32" hostname="MacBook-Pro-kirill.local" time="0.034">
  <properties/>
  <testcase name="hodHry()" classname="cz.mendelu.pjj.new_hra.GameTest" time="0.028"/>
  <testcase name="createNewGame_duplicity()" classname="cz.mendelu.pjj.new_hra.GameTest" time="0.004"/>
  <system-out><![CDATA[]]></system-out>
  <system-err><![CDATA[]]></system-err>
</testsuite>
